timeStamp,elapsed,label,responseCode,responseMessage,threadName,success,failureMessage,bytes,grpThreads,allThreads,Latency,SampleCount,ErrorCount,Hostname
1660211722115,140,01_LoadDuckDuckGoHomePage,200,"Number of samples in transaction : 1, number of failing samples : 0",Thread Group 1-1,true,,3772,1,1,0,1,0,DESKTOP-G5MML45
1660211722293,995,02_TypeSuggestedSearchTerm,200,"Number of samples in transaction : 6, number of failing samples : 0",Thread Group 1-1,true,,15378,1,1,0,1,0,DESKTOP-G5MML45
1660211723309,65,03_SelectSearchTermFromSuggestionBox,200,"Number of samples in transaction : 1, number of failing samples : 0",Thread Group 1-1,true,,4744,1,1,0,1,0,DESKTOP-G5MML45
1660211723375,39,01_LoadDuckDuckGoHomePage,200,"Number of samples in transaction : 1, number of failing samples : 0",Thread Group 1-1,true,,3772,1,1,0,1,0,DESKTOP-G5MML45
1660211723415,1908,02_TypeSuggestedSearchTerm,200,"Number of samples in transaction : 11, number of failing samples : 0",Thread Group 1-1,true,,28348,1,1,0,1,0,DESKTOP-G5MML45
1660211725338,87,03_SelectSearchTermFromSuggestionBox,200,"Number of samples in transaction : 1, number of failing samples : 0",Thread Group 1-1,true,,5190,1,1,0,1,0,DESKTOP-G5MML45
1660211725426,43,01_LoadDuckDuckGoHomePage,200,"Number of samples in transaction : 1, number of failing samples : 0",Thread Group 1-1,true,,5144,1,1,0,1,0,DESKTOP-G5MML45
1660211725471,1032,02_TypeSuggestedSearchTerm,200,"Number of samples in transaction : 7, number of failing samples : 0",Thread Group 1-1,true,,18072,1,1,0,1,0,DESKTOP-G5MML45
1660211726511,80,03_SelectSearchTermFromSuggestionBox,200,"Number of samples in transaction : 1, number of failing samples : 0",Thread Group 1-1,true,,5231,1,1,0,1,0,DESKTOP-G5MML45
1660211726593,43,01_LoadDuckDuckGoHomePage,200,"Number of samples in transaction : 1, number of failing samples : 0",Thread Group 1-1,true,,5144,1,1,0,1,0,DESKTOP-G5MML45
1660211726637,957,02_TypeSuggestedSearchTerm,200,"Number of samples in transaction : 5, number of failing samples : 0",Thread Group 1-1,true,,12615,1,1,0,1,0,DESKTOP-G5MML45
1660211727602,253,03_SelectSearchTermFromSuggestionBox,200,"Number of samples in transaction : 1, number of failing samples : 0",Thread Group 1-1,true,,6559,1,1,0,1,0,DESKTOP-G5MML45
1660211727857,41,01_LoadDuckDuckGoHomePage,200,"Number of samples in transaction : 1, number of failing samples : 0",Thread Group 1-1,true,,5144,1,1,0,1,0,DESKTOP-G5MML45
1660211727899,1266,02_TypeSuggestedSearchTerm,200,"Number of samples in transaction : 8, number of failing samples : 0",Thread Group 1-1,true,,20296,1,1,0,1,0,DESKTOP-G5MML45
1660211729177,74,03_SelectSearchTermFromSuggestionBox,200,"Number of samples in transaction : 1, number of failing samples : 0",Thread Group 1-1,true,,4771,1,1,0,1,0,DESKTOP-G5MML45
1660211729254,40,01_LoadDuckDuckGoHomePage,200,"Number of samples in transaction : 1, number of failing samples : 0",Thread Group 1-1,true,,5144,1,1,0,1,0,DESKTOP-G5MML45
1660211729295,1145,02_TypeSuggestedSearchTerm,200,"Number of samples in transaction : 6, number of failing samples : 0",Thread Group 1-1,true,,15491,1,1,0,1,0,DESKTOP-G5MML45
1660211730447,40,03_SelectSearchTermFromSuggestionBox,200,"Number of samples in transaction : 1, number of failing samples : 0",Thread Group 1-1,true,,4718,1,1,0,1,0,DESKTOP-G5MML45
1660211730489,72,01_LoadDuckDuckGoHomePage,200,"Number of samples in transaction : 1, number of failing samples : 0",Thread Group 1-1,true,,5144,1,1,0,1,0,DESKTOP-G5MML45
1660211730562,2134,02_TypeSuggestedSearchTerm,200,"Number of samples in transaction : 11, number of failing samples : 0",Thread Group 1-1,true,,28279,1,1,0,1,0,DESKTOP-G5MML45
1660211732709,64,03_SelectSearchTermFromSuggestionBox,200,"Number of samples in transaction : 1, number of failing samples : 0",Thread Group 1-1,true,,4760,1,1,0,1,0,DESKTOP-G5MML45
1660211732774,43,01_LoadDuckDuckGoHomePage,200,"Number of samples in transaction : 1, number of failing samples : 0",Thread Group 1-1,true,,5144,1,1,0,1,0,DESKTOP-G5MML45
1660211732818,1233,02_TypeSuggestedSearchTerm,200,"Number of samples in transaction : 7, number of failing samples : 0",Thread Group 1-1,true,,18173,1,1,0,1,0,DESKTOP-G5MML45
1660211734062,41,03_SelectSearchTermFromSuggestionBox,200,"Number of samples in transaction : 1, number of failing samples : 0",Thread Group 1-1,true,,5228,1,1,0,1,0,DESKTOP-G5MML45
1660211734106,40,01_LoadDuckDuckGoHomePage,200,"Number of samples in transaction : 1, number of failing samples : 0",Thread Group 1-1,true,,3772,1,1,0,1,0,DESKTOP-G5MML45
1660211734147,897,02_TypeSuggestedSearchTerm,200,"Number of samples in transaction : 5, number of failing samples : 0",Thread Group 1-1,true,,12824,1,1,0,1,0,DESKTOP-G5MML45
1660211735051,44,03_SelectSearchTermFromSuggestionBox,200,"Number of samples in transaction : 1, number of failing samples : 0",Thread Group 1-1,true,,6642,1,1,0,1,0,DESKTOP-G5MML45
1660211735095,39,01_LoadDuckDuckGoHomePage,200,"Number of samples in transaction : 1, number of failing samples : 0",Thread Group 1-1,true,,5144,1,1,0,1,0,DESKTOP-G5MML45
1660211735136,1182,02_TypeSuggestedSearchTerm,200,"Number of samples in transaction : 8, number of failing samples : 0",Thread Group 1-1,true,,20528,1,1,0,1,0,DESKTOP-G5MML45
1660211736329,108,03_SelectSearchTermFromSuggestionBox,200,"Number of samples in transaction : 1, number of failing samples : 0",Thread Group 1-1,true,,5896,1,1,0,1,0,DESKTOP-G5MML45
1660211736439,44,01_LoadDuckDuckGoHomePage,200,"Number of samples in transaction : 1, number of failing samples : 0",Thread Group 1-1,true,,5144,1,1,0,1,0,DESKTOP-G5MML45
1660211736484,1158,02_TypeSuggestedSearchTerm,200,"Number of samples in transaction : 6, number of failing samples : 0",Thread Group 1-1,true,,15372,1,1,0,1,0,DESKTOP-G5MML45
1660211737651,41,03_SelectSearchTermFromSuggestionBox,200,"Number of samples in transaction : 1, number of failing samples : 0",Thread Group 1-1,true,,4718,1,1,0,1,0,DESKTOP-G5MML45
1660211737692,186,01_LoadDuckDuckGoHomePage,200,"Number of samples in transaction : 1, number of failing samples : 0",Thread Group 1-1,true,,5144,1,1,0,1,0,DESKTOP-G5MML45
1660211737879,1657,02_TypeSuggestedSearchTerm,200,"Number of samples in transaction : 11, number of failing samples : 0",Thread Group 1-1,true,,28282,1,1,0,1,0,DESKTOP-G5MML45
1660211739550,40,03_SelectSearchTermFromSuggestionBox,200,"Number of samples in transaction : 1, number of failing samples : 0",Thread Group 1-1,true,,5185,1,1,0,1,0,DESKTOP-G5MML45
1660211739592,40,01_LoadDuckDuckGoHomePage,200,"Number of samples in transaction : 1, number of failing samples : 0",Thread Group 1-1,true,,5144,1,1,0,1,0,DESKTOP-G5MML45
1660211739634,1272,02_TypeSuggestedSearchTerm,200,"Number of samples in transaction : 7, number of failing samples : 0",Thread Group 1-1,true,,18080,1,1,0,1,0,DESKTOP-G5MML45
1660211740916,52,03_SelectSearchTermFromSuggestionBox,200,"Number of samples in transaction : 1, number of failing samples : 0",Thread Group 1-1,true,,5228,1,1,0,1,0,DESKTOP-G5MML45
1660211740968,68,01_LoadDuckDuckGoHomePage,200,"Number of samples in transaction : 1, number of failing samples : 0",Thread Group 1-1,true,,3772,1,1,0,1,0,DESKTOP-G5MML45
1660211741038,1078,02_TypeSuggestedSearchTerm,200,"Number of samples in transaction : 5, number of failing samples : 0",Thread Group 1-1,true,,12728,1,1,0,1,0,DESKTOP-G5MML45
1660211742124,421,03_SelectSearchTermFromSuggestionBox,200,"Number of samples in transaction : 1, number of failing samples : 0",Thread Group 1-1,true,,6642,1,1,0,1,0,DESKTOP-G5MML45
1660211742546,89,01_LoadDuckDuckGoHomePage,200,"Number of samples in transaction : 1, number of failing samples : 0",Thread Group 1-1,true,,5144,1,1,0,1,0,DESKTOP-G5MML45
1660211742636,1848,02_TypeSuggestedSearchTerm,200,"Number of samples in transaction : 8, number of failing samples : 0",Thread Group 1-1,true,,20443,1,1,0,1,0,DESKTOP-G5MML45
1660211744496,64,03_SelectSearchTermFromSuggestionBox,200,"Number of samples in transaction : 1, number of failing samples : 0",Thread Group 1-1,true,,5927,1,1,0,1,0,DESKTOP-G5MML45
